<?xml version="1.0" encoding="UTF-8"?>
<testng-results ignored="0" total="1" passed="1" failed="0" skipped="0">
  <reporter-output>
  </reporter-output>
  <suite started-at="2025-02-10T04:29:36Z" name="Surefire suite" finished-at="2025-02-10T04:44:51Z" duration-ms="914754">
    <groups>
      <group name="cucumber">
        <method signature="AbstractTestNGCucumberTests.runScenario(io.cucumber.testng.PickleWrapper, io.cucumber.testng.FeatureWrapper)[pri:0, instance:Parallel.ParallelRun@5427c60c]" name="runScenario" class="io.cucumber.testng.AbstractTestNGCucumberTests"/>
      </group> <!-- cucumber -->
    </groups>
    <test started-at="2025-02-10T04:29:36Z" name="Surefire test" finished-at="2025-02-10T04:44:51Z" duration-ms="914754">
      <class name="Parallel.ParallelRun">
        <test-method is-config="true" signature="setUpClass()[pri:0, instance:Parallel.ParallelRun@5427c60c]" started-at="2025-02-10T04:29:36Z" name="setUpClass" finished-at="2025-02-10T04:29:37Z" duration-ms="615" status="PASS">
          <reporter-output>
          </reporter-output>
        </test-method> <!-- setUpClass -->
        <test-method signature="runScenario(io.cucumber.testng.PickleWrapper, io.cucumber.testng.FeatureWrapper)[pri:0, instance:Parallel.ParallelRun@5427c60c]" started-at="2025-02-10T04:29:37Z" name="runScenario" description="Runs Cucumber Scenarios" data-provider="scenarios" finished-at="2025-02-10T04:44:47Z" duration-ms="909971" status="PASS">
          <params>
            <param index="0">
              <value>
                <![CDATA["verify all store links"]]>
              </value>
            </param>
            <param index="1">
              <value>
                <![CDATA["Optional[verified sommer learning links]"]]>
              </value>
            </param>
          </params>
          <reporter-output>
          </reporter-output>
        </test-method> <!-- runScenario -->
        <test-method is-config="true" signature="tearDownClass()[pri:0, instance:Parallel.ParallelRun@5427c60c]" started-at="2025-02-10T04:44:47Z" name="tearDownClass" finished-at="2025-02-10T04:44:51Z" duration-ms="4154" status="PASS">
          <reporter-output>
          </reporter-output>
        </test-method> <!-- tearDownClass -->
      </class> <!-- Parallel.ParallelRun -->
    </test> <!-- Surefire test -->
  </suite> <!-- Surefire suite -->
</testng-results>
